<?xml version="1.0" encoding="utf-8" standalone="no"?>
<test-run id="2" testcasecount="1" result="Passed" total="1" passed="1" failed="0" inconclusive="0" skipped="0" asserts="9" engine-version="3.10.0.0" clr-version="4.0.30319.42000" start-time="2019-11-12 05:00:51Z" end-time="2019-11-12 05:00:51Z" duration="0.627063">
  <command-line><![CDATA[/home/jtnunley/Programming/Projects/unflash/packages/NUnit.ConsoleRunner.3.10.0/tools/nunit3-console.exe unflash/bin/Debug/unflash.exe]]></command-line>
  <test-suite type="Assembly" id="0-1002" name="unflash.exe" fullname="/home/jtnunley/Programming/Projects/unflash/unflash/bin/Debug/unflash.exe" runstate="Runnable" testcasecount="1" result="Passed" start-time="2019-11-12 05:00:51Z" end-time="2019-11-12 05:00:51Z" duration="0.062896" total="1" passed="1" failed="0" warnings="0" inconclusive="0" skipped="0" asserts="9">
    <environment framework-version="3.12.0.0" clr-version="4.0.30319.42000" os-version="Unix 4.15.0.66" platform="Unix" cwd="/home/jtnunley/Programming/Projects/unflash" machine-name="john-nunley-laptop" user="jtnunley" user-domain="john-nunley-laptop" culture="en-US" uiculture="en-US" os-architecture="x64" />
    <settings>
      <setting name="DisposeRunners" value="True" />
      <setting name="WorkDirectory" value="/home/jtnunley/Programming/Projects/unflash" />
      <setting name="ImageRuntimeVersion" value="4.0.30319" />
      <setting name="ImageTargetFrameworkName" value=".NETFramework,Version=v4.7" />
      <setting name="ImageRequiresX86" value="True" />
      <setting name="RunAsX86" value="True" />
      <setting name="ImageRequiresDefaultAppDomainAssemblyResolver" value="False" />
      <setting name="NumberOfTestWorkers" value="4" />
    </settings>
    <properties>
      <property name="_PID" value="6762" />
      <property name="_APPDOMAIN" value="domain-" />
    </properties>
    <test-suite type="TestSuite" id="0-1003" name="UnitTests" fullname="UnitTests" runstate="Runnable" testcasecount="1" result="Passed" start-time="2019-11-12 05:00:51Z" end-time="2019-11-12 05:00:51Z" duration="0.052015" total="1" passed="1" failed="0" warnings="0" inconclusive="0" skipped="0" asserts="9">
      <test-suite type="TestFixture" id="0-1000" name="SwfHeaderTests" fullname="UnitTests.SwfHeaderTests" classname="UnitTests.SwfHeaderTests" runstate="Runnable" testcasecount="1" result="Passed" start-time="2019-11-12 05:00:51Z" end-time="2019-11-12 05:00:51Z" duration="0.050093" total="1" passed="1" failed="0" warnings="0" inconclusive="0" skipped="0" asserts="9">
        <test-case id="0-1001" name="ReadTest" fullname="UnitTests.SwfHeaderTests.ReadTest" methodname="ReadTest" classname="UnitTests.SwfHeaderTests" runstate="Runnable" seed="1591773902" result="Passed" start-time="2019-11-12 05:00:51Z" end-time="2019-11-12 05:00:51Z" duration="0.042874" asserts="9">
          <output><![CDATA[Resolved for header Compression Method Uncompressed, Version 9, File Length 10
Resolved for header Compression Method ZlibCompressed, Version 18, File Length 16
Resolved for header Compression Method LzmaCompressed, Version 33, File Length 11
]]></output>
        </test-case>
      </test-suite>
    </test-suite>
  </test-suite>
</test-run>